2025-07-04T15:34:37.477+05:30  INFO 10708 --- [Department-service] [restartedMain] c.s.s.d.DepartmentServiceApplication     : Starting DepartmentServiceApplication using Java 17.0.10 with PID 10708 (D:\Microservises\Microservises\Department service\Department-service\target\classes started by Harshal in D:\Microservises\Microservises)
2025-07-04T15:34:37.485+05:30  INFO 10708 --- [Department-service] [restartedMain] c.s.s.d.DepartmentServiceApplication     : No active profile set, falling back to 1 default profile: "default"
2025-07-04T15:34:37.556+05:30  INFO 10708 --- [Department-service] [restartedMain] .e.DevToolsPropertyDefaultsPostProcessor : Devtools property defaults active! Set 'spring.devtools.add-properties' to 'false' to disable
2025-07-04T15:34:37.558+05:30  INFO 10708 --- [Department-service] [restartedMain] .e.DevToolsPropertyDefaultsPostProcessor : For additional web related logging consider setting the 'logging.level.web' property to 'DEBUG'
2025-07-04T15:34:38.909+05:30  INFO 10708 --- [Department-service] [restartedMain] .s.d.r.c.RepositoryConfigurationDelegate : Bootstrapping Spring Data JPA repositories in DEFAULT mode.
2025-07-04T15:34:38.944+05:30  INFO 10708 --- [Department-service] [restartedMain] .s.d.r.c.RepositoryConfigurationDelegate : Finished Spring Data repository scanning in 19 ms. Found 0 JPA repository interfaces.
2025-07-04T15:34:39.333+05:30  INFO 10708 --- [Department-service] [restartedMain] o.s.cloud.context.scope.GenericScope     : BeanFactory id=bcfc1151-95d1-3a0c-a30c-c53784d827bd
2025-07-04T15:34:40.170+05:30  INFO 10708 --- [Department-service] [restartedMain] o.s.b.w.embedded.tomcat.TomcatWebServer  : Tomcat initialized with port 8082 (http)
2025-07-04T15:34:40.184+05:30  INFO 10708 --- [Department-service] [restartedMain] o.apache.catalina.core.StandardService   : Starting service [Tomcat]
2025-07-04T15:34:40.184+05:30  INFO 10708 --- [Department-service] [restartedMain] o.apache.catalina.core.StandardEngine    : Starting Servlet engine: [Apache Tomcat/10.1.26]
2025-07-04T15:34:40.260+05:30  INFO 10708 --- [Department-service] [restartedMain] o.a.c.c.C.[Tomcat].[localhost].[/]       : Initializing Spring embedded WebApplicationContext
2025-07-04T15:34:40.261+05:30  INFO 10708 --- [Department-service] [restartedMain] w.s.c.ServletWebServerApplicationContext : Root WebApplicationContext: initialization completed in 2703 ms
2025-07-04T15:34:40.508+05:30  INFO 10708 --- [Department-service] [restartedMain] o.hibernate.jpa.internal.util.LogHelper  : HHH000204: Processing PersistenceUnitInfo [name: default]
2025-07-04T15:34:40.600+05:30  INFO 10708 --- [Department-service] [restartedMain] org.hibernate.Version                    : HHH000412: Hibernate ORM core version 6.5.2.Final
2025-07-04T15:34:40.653+05:30  INFO 10708 --- [Department-service] [restartedMain] o.h.c.internal.RegionFactoryInitiator    : HHH000026: Second-level cache disabled
2025-07-04T15:34:41.070+05:30  INFO 10708 --- [Department-service] [restartedMain] o.s.o.j.p.SpringPersistenceUnitInfo      : No LoadTimeWeaver setup: ignoring JPA class transformer
2025-07-04T15:34:41.105+05:30  INFO 10708 --- [Department-service] [restartedMain] com.zaxxer.hikari.HikariDataSource       : HikariPool-1 - Starting...
2025-07-04T15:34:41.501+05:30  INFO 10708 --- [Department-service] [restartedMain] com.zaxxer.hikari.pool.HikariPool        : HikariPool-1 - Added connection org.postgresql.jdbc.PgConnection@631444e
2025-07-04T15:34:41.504+05:30  INFO 10708 --- [Department-service] [restartedMain] com.zaxxer.hikari.HikariDataSource       : HikariPool-1 - Start completed.
2025-07-04T15:34:41.588+05:30  WARN 10708 --- [Department-service] [restartedMain] org.hibernate.orm.deprecation            : HHH90000025: PostgreSQLDialect does not need to be specified explicitly using 'hibernate.dialect' (remove the property setting and it will be selected by default)
2025-07-04T15:34:42.437+05:30  INFO 10708 --- [Department-service] [restartedMain] o.h.e.t.j.p.i.JtaPlatformInitiator       : HHH000489: No JTA platform available (set 'hibernate.transaction.jta.platform' to enable JTA platform integration)
2025-07-04T15:34:42.515+05:30  INFO 10708 --- [Department-service] [restartedMain] j.LocalContainerEntityManagerFactoryBean : Initialized JPA EntityManagerFactory for persistence unit 'default'
2025-07-04T15:34:42.768+05:30  WARN 10708 --- [Department-service] [restartedMain] JpaBaseConfiguration$JpaWebConfiguration : spring.jpa.open-in-view is enabled by default. Therefore, database queries may be performed during view rendering. Explicitly configure spring.jpa.open-in-view to disable this warning
2025-07-04T15:34:42.797+05:30  INFO 10708 --- [Department-service] [restartedMain] o.s.b.d.a.OptionalLiveReloadServer       : LiveReload server is running on port 35729
2025-07-04T15:34:42.979+05:30 DEBUG 10708 --- [Department-service] [restartedMain] s.w.s.m.m.a.RequestMappingHandlerMapping : 9 mappings in 'requestMappingHandlerMapping'
2025-07-04T15:34:43.081+05:30 DEBUG 10708 --- [Department-service] [restartedMain] o.s.w.s.handler.SimpleUrlHandlerMapping  : Patterns [/webjars/**, /**, /swagger-ui*/*swagger-initializer.js, /swagger-ui*/**] in 'resourceHandlerMapping'
2025-07-04T15:34:43.121+05:30 DEBUG 10708 --- [Department-service] [restartedMain] s.w.s.m.m.a.RequestMappingHandlerAdapter : ControllerAdvice beans: 0 @ModelAttribute, 0 @InitBinder, 1 RequestBodyAdvice, 1 ResponseBodyAdvice
2025-07-04T15:34:43.168+05:30 DEBUG 10708 --- [Department-service] [restartedMain] .m.m.a.ExceptionHandlerExceptionResolver : ControllerAdvice beans: 2 @ExceptionHandler, 1 ResponseBodyAdvice
2025-07-04T15:34:43.622+05:30  INFO 10708 --- [Department-service] [restartedMain] o.s.b.w.embedded.tomcat.TomcatWebServer  : Tomcat started on port 8082 (http) with context path '/'
2025-07-04T15:34:43.793+05:30  INFO 10708 --- [Department-service] [restartedMain] c.s.s.d.DepartmentServiceApplication     : Started DepartmentServiceApplication in 7.05 seconds (process running for 7.675)
2025-07-04T15:35:21.391+05:30  INFO 23424 --- [Employee-service] [restartedMain] c.s.s.e.EmployeeServiceApplication       : Starting EmployeeServiceApplication using Java 17.0.10 with PID 23424 (D:\Microservises\Microservises\Employee service\Employee-service\target\classes started by Harshal in D:\Microservises\Microservises)
2025-07-04T15:35:21.394+05:30  INFO 23424 --- [Employee-service] [restartedMain] c.s.s.e.EmployeeServiceApplication       : No active profile set, falling back to 1 default profile: "default"
2025-07-04T15:35:21.446+05:30  INFO 23424 --- [Employee-service] [restartedMain] .e.DevToolsPropertyDefaultsPostProcessor : Devtools property defaults active! Set 'spring.devtools.add-properties' to 'false' to disable
2025-07-04T15:35:21.446+05:30  INFO 23424 --- [Employee-service] [restartedMain] .e.DevToolsPropertyDefaultsPostProcessor : For additional web related logging consider setting the 'logging.level.web' property to 'DEBUG'
2025-07-04T15:35:22.810+05:30  INFO 23424 --- [Employee-service] [restartedMain] .s.d.r.c.RepositoryConfigurationDelegate : Bootstrapping Spring Data JPA repositories in DEFAULT mode.
2025-07-04T15:35:22.866+05:30  INFO 23424 --- [Employee-service] [restartedMain] .s.d.r.c.RepositoryConfigurationDelegate : Finished Spring Data repository scanning in 46 ms. Found 1 JPA repository interface.
2025-07-04T15:35:23.128+05:30  INFO 23424 --- [Employee-service] [restartedMain] o.s.cloud.context.scope.GenericScope     : BeanFactory id=f634e6a6-c1a6-32b5-b95c-2301cd752e3e
2025-07-04T15:35:24.012+05:30  INFO 23424 --- [Employee-service] [restartedMain] o.s.b.w.embedded.tomcat.TomcatWebServer  : Tomcat initialized with port 8081 (http)
2025-07-04T15:35:24.027+05:30  INFO 23424 --- [Employee-service] [restartedMain] o.apache.catalina.core.StandardService   : Starting service [Tomcat]
2025-07-04T15:35:24.027+05:30  INFO 23424 --- [Employee-service] [restartedMain] o.apache.catalina.core.StandardEngine    : Starting Servlet engine: [Apache Tomcat/10.1.26]
2025-07-04T15:35:24.095+05:30  INFO 23424 --- [Employee-service] [restartedMain] o.a.c.c.C.[Tomcat].[localhost].[/]       : Initializing Spring embedded WebApplicationContext
2025-07-04T15:35:24.096+05:30  INFO 23424 --- [Employee-service] [restartedMain] w.s.c.ServletWebServerApplicationContext : Root WebApplicationContext: initialization completed in 2649 ms
2025-07-04T15:35:24.375+05:30 DEBUG 23424 --- [Employee-service] [restartedMain] o.s.w.f.ServerHttpObservationFilter      : Filter 'webMvcObservationFilter' configured for use
2025-07-04T15:35:24.527+05:30  INFO 23424 --- [Employee-service] [restartedMain] o.hibernate.jpa.internal.util.LogHelper  : HHH000204: Processing PersistenceUnitInfo [name: default]
2025-07-04T15:35:24.592+05:30  INFO 23424 --- [Employee-service] [restartedMain] org.hibernate.Version                    : HHH000412: Hibernate ORM core version 6.5.2.Final
2025-07-04T15:35:24.654+05:30  INFO 23424 --- [Employee-service] [restartedMain] o.h.c.internal.RegionFactoryInitiator    : HHH000026: Second-level cache disabled
2025-07-04T15:35:24.976+05:30  INFO 23424 --- [Employee-service] [restartedMain] o.s.o.j.p.SpringPersistenceUnitInfo      : No LoadTimeWeaver setup: ignoring JPA class transformer
2025-07-04T15:35:25.004+05:30  INFO 23424 --- [Employee-service] [restartedMain] com.zaxxer.hikari.HikariDataSource       : HikariPool-1 - Starting...
2025-07-04T15:35:25.163+05:30  INFO 23424 --- [Employee-service] [restartedMain] com.zaxxer.hikari.pool.HikariPool        : HikariPool-1 - Added connection org.postgresql.jdbc.PgConnection@a298dc5
2025-07-04T15:35:25.164+05:30  INFO 23424 --- [Employee-service] [restartedMain] com.zaxxer.hikari.HikariDataSource       : HikariPool-1 - Start completed.
2025-07-04T15:35:25.235+05:30  WARN 23424 --- [Employee-service] [restartedMain] org.hibernate.orm.deprecation            : HHH90000025: PostgreSQLDialect does not need to be specified explicitly using 'hibernate.dialect' (remove the property setting and it will be selected by default)
2025-07-04T15:35:26.298+05:30  INFO 23424 --- [Employee-service] [restartedMain] o.h.e.t.j.p.i.JtaPlatformInitiator       : HHH000489: No JTA platform available (set 'hibernate.transaction.jta.platform' to enable JTA platform integration)
2025-07-04T15:35:26.374+05:30  INFO 23424 --- [Employee-service] [restartedMain] j.LocalContainerEntityManagerFactoryBean : Initialized JPA EntityManagerFactory for persistence unit 'default'
2025-07-04T15:35:26.922+05:30  WARN 23424 --- [Employee-service] [restartedMain] JpaBaseConfiguration$JpaWebConfiguration : spring.jpa.open-in-view is enabled by default. Therefore, database queries may be performed during view rendering. Explicitly configure spring.jpa.open-in-view to disable this warning
2025-07-04T15:35:27.151+05:30 DEBUG 23424 --- [Employee-service] [restartedMain] s.w.s.m.m.a.RequestMappingHandlerMapping : 9 mappings in 'requestMappingHandlerMapping'
2025-07-04T15:35:27.319+05:30 DEBUG 23424 --- [Employee-service] [restartedMain] o.s.w.s.handler.SimpleUrlHandlerMapping  : Patterns [/webjars/**, /**, /swagger-ui*/*swagger-initializer.js, /swagger-ui*/**] in 'resourceHandlerMapping'
2025-07-04T15:35:27.381+05:30 DEBUG 23424 --- [Employee-service] [restartedMain] s.w.s.m.m.a.RequestMappingHandlerAdapter : ControllerAdvice beans: 0 @ModelAttribute, 0 @InitBinder, 1 RequestBodyAdvice, 1 ResponseBodyAdvice
2025-07-04T15:35:27.438+05:30 DEBUG 23424 --- [Employee-service] [restartedMain] .m.m.a.ExceptionHandlerExceptionResolver : ControllerAdvice beans: 2 @ExceptionHandler, 1 ResponseBodyAdvice
2025-07-04T15:35:28.050+05:30  WARN 23424 --- [Employee-service] [restartedMain] o.s.b.d.a.OptionalLiveReloadServer       : Unable to start LiveReload server
2025-07-04T15:35:28.286+05:30  INFO 23424 --- [Employee-service] [restartedMain] o.s.b.a.e.web.EndpointLinksResolver      : Exposing 21 endpoints beneath base path '/actuator'
2025-07-04T15:35:28.399+05:30  INFO 23424 --- [Employee-service] [restartedMain] o.s.b.w.embedded.tomcat.TomcatWebServer  : Tomcat started on port 8081 (http) with context path '/'
2025-07-04T15:35:28.618+05:30  INFO 23424 --- [Employee-service] [restartedMain] c.s.s.e.EmployeeServiceApplication       : Started EmployeeServiceApplication in 7.883 seconds (process running for 8.514)
2025-07-04T15:35:41.703+05:30  INFO 10708 --- [Department-service] [http-nio-8082-exec-1] o.a.c.c.C.[Tomcat].[localhost].[/]       : Initializing Spring DispatcherServlet 'dispatcherServlet'
2025-07-04T15:35:41.704+05:30  INFO 10708 --- [Department-service] [http-nio-8082-exec-1] o.s.web.servlet.DispatcherServlet        : Initializing Servlet 'dispatcherServlet'
2025-07-04T15:35:41.704+05:30 DEBUG 10708 --- [Department-service] [http-nio-8082-exec-1] o.s.web.servlet.DispatcherServlet        : Detected StandardServletMultipartResolver
2025-07-04T15:35:41.704+05:30 DEBUG 10708 --- [Department-service] [http-nio-8082-exec-1] o.s.web.servlet.DispatcherServlet        : Detected AcceptHeaderLocaleResolver
2025-07-04T15:35:41.704+05:30 DEBUG 10708 --- [Department-service] [http-nio-8082-exec-1] o.s.web.servlet.DispatcherServlet        : Detected FixedThemeResolver
2025-07-04T15:35:41.707+05:30 DEBUG 10708 --- [Department-service] [http-nio-8082-exec-1] o.s.web.servlet.DispatcherServlet        : Detected org.springframework.web.servlet.view.DefaultRequestToViewNameTranslator@3bc61fc1
2025-07-04T15:35:41.708+05:30 DEBUG 10708 --- [Department-service] [http-nio-8082-exec-1] o.s.web.servlet.DispatcherServlet        : Detected org.springframework.web.servlet.support.SessionFlashMapManager@3e76eb1a
2025-07-04T15:35:41.709+05:30 DEBUG 10708 --- [Department-service] [http-nio-8082-exec-1] o.s.web.servlet.DispatcherServlet        : enableLoggingRequestDetails='false': request parameters and headers will be masked to prevent unsafe logging of potentially sensitive data
2025-07-04T15:35:41.709+05:30  INFO 10708 --- [Department-service] [http-nio-8082-exec-1] o.s.web.servlet.DispatcherServlet        : Completed initialization in 5 ms
2025-07-04T15:35:41.720+05:30 DEBUG 10708 --- [Department-service] [http-nio-8082-exec-1] o.s.web.servlet.DispatcherServlet        : GET "/department/v1?employeeId=22", parameters={masked}
2025-07-04T15:35:41.736+05:30 DEBUG 10708 --- [Department-service] [http-nio-8082-exec-1] s.w.s.m.m.a.RequestMappingHandlerMapping : Mapped to com.syborg.service.department.controller.DepartmentController#getEmployee(Long)
2025-07-04T15:35:41.972+05:30  INFO 23424 --- [Employee-service] [http-nio-8081-exec-1] o.a.c.c.C.[Tomcat].[localhost].[/]       : Initializing Spring DispatcherServlet 'dispatcherServlet'
2025-07-04T15:35:41.972+05:30  INFO 23424 --- [Employee-service] [http-nio-8081-exec-1] o.s.web.servlet.DispatcherServlet        : Initializing Servlet 'dispatcherServlet'
2025-07-04T15:35:41.972+05:30 DEBUG 23424 --- [Employee-service] [http-nio-8081-exec-1] o.s.web.servlet.DispatcherServlet        : Detected StandardServletMultipartResolver
2025-07-04T15:35:41.973+05:30 DEBUG 23424 --- [Employee-service] [http-nio-8081-exec-1] o.s.web.servlet.DispatcherServlet        : Detected AcceptHeaderLocaleResolver
2025-07-04T15:35:41.973+05:30 DEBUG 23424 --- [Employee-service] [http-nio-8081-exec-1] o.s.web.servlet.DispatcherServlet        : Detected FixedThemeResolver
2025-07-04T15:35:41.977+05:30 DEBUG 23424 --- [Employee-service] [http-nio-8081-exec-1] o.s.web.servlet.DispatcherServlet        : Detected org.springframework.web.servlet.view.DefaultRequestToViewNameTranslator@1c5c6e8b
2025-07-04T15:35:41.979+05:30 DEBUG 23424 --- [Employee-service] [http-nio-8081-exec-1] o.s.web.servlet.DispatcherServlet        : Detected org.springframework.web.servlet.support.SessionFlashMapManager@1af74a37
2025-07-04T15:35:41.980+05:30 DEBUG 23424 --- [Employee-service] [http-nio-8081-exec-1] o.s.web.servlet.DispatcherServlet        : enableLoggingRequestDetails='false': request parameters and headers will be masked to prevent unsafe logging of potentially sensitive data
2025-07-04T15:35:41.980+05:30  INFO 23424 --- [Employee-service] [http-nio-8081-exec-1] o.s.web.servlet.DispatcherServlet        : Completed initialization in 8 ms
2025-07-04T15:35:42.015+05:30 DEBUG 23424 --- [Employee-service] [http-nio-8081-exec-1] o.s.web.servlet.DispatcherServlet        : GET "/employee/v2?employeeId=22", parameters={masked}
2025-07-04T15:35:42.031+05:30 DEBUG 23424 --- [Employee-service] [http-nio-8081-exec-1] s.w.s.m.m.a.RequestMappingHandlerMapping : Mapped to com.syborg.service.employee.controller.EmployeeController#getEmployee(Long)
2025-07-04T15:35:42.236+05:30 DEBUG 23424 --- [Employee-service] [http-nio-8081-exec-1] .m.m.a.ExceptionHandlerExceptionResolver : Using @ExceptionHandler com.syborg.service.employee.globalException.GlobalExceptionHandler#handleEmployeeNotFound(EmployeeNotFoundException, HttpServletRequest)
2025-07-04T15:35:42.305+05:30 DEBUG 23424 --- [Employee-service] [http-nio-8081-exec-1] o.s.w.s.m.m.a.HttpEntityMethodProcessor  : Using 'application/json', given [*/*] and supported [application/json, application/*+json]
2025-07-04T15:35:42.314+05:30 DEBUG 23424 --- [Employee-service] [http-nio-8081-exec-1] o.s.w.s.m.m.a.HttpEntityMethodProcessor  : Writing [ErrorDto(timestamp=2025-07-04T15:35:42.238752900, status=404, error=Not Found, message=Employee Not  (truncated)...]
2025-07-04T15:35:42.347+05:30  WARN 23424 --- [Employee-service] [http-nio-8081-exec-1] .m.m.a.ExceptionHandlerExceptionResolver : Resolved [com.syborg.service.employee.exception.EmployeeNotFoundException: Employee Not Found Exception]
2025-07-04T15:35:42.348+05:30 DEBUG 23424 --- [Employee-service] [http-nio-8081-exec-1] o.s.web.servlet.DispatcherServlet        : Completed 404 NOT_FOUND
2025-07-04T15:35:42.367+05:30 DEBUG 10708 --- [Department-service] [http-nio-8082-exec-1] .m.m.a.ExceptionHandlerExceptionResolver : Using @ExceptionHandler com.syborg.service.department.globalException.GlobalException#employeeNotFoundException(EmployeeNotFoundException)
2025-07-04T15:35:42.393+05:30 DEBUG 10708 --- [Department-service] [http-nio-8082-exec-1] o.s.w.s.m.m.a.HttpEntityMethodProcessor  : Using 'text/plain', given [*/*] and supported [text/plain, */*, application/json, application/*+json]
2025-07-04T15:35:42.396+05:30 DEBUG 10708 --- [Department-service] [http-nio-8082-exec-1] o.s.w.s.m.m.a.HttpEntityMethodProcessor  : Writing ["Employee not found with ID: 22"]
2025-07-04T15:35:42.407+05:30  WARN 10708 --- [Department-service] [http-nio-8082-exec-1] .m.m.a.ExceptionHandlerExceptionResolver : Resolved [com.syborg.service.department.exception.EmployeeNotFoundException: Employee not found with ID: 22]
2025-07-04T15:35:42.412+05:30 DEBUG 10708 --- [Department-service] [http-nio-8082-exec-1] o.s.web.servlet.DispatcherServlet        : Completed 404 NOT_FOUND
2025-07-04T15:35:49.855+05:30 DEBUG 23424 --- [Employee-service] [http-nio-8081-exec-3] o.s.web.servlet.DispatcherServlet        : GET "/employee/v2?employeeId=122", parameters={masked}
2025-07-04T15:35:49.857+05:30 DEBUG 23424 --- [Employee-service] [http-nio-8081-exec-3] s.w.s.m.m.a.RequestMappingHandlerMapping : Mapped to com.syborg.service.employee.controller.EmployeeController#getEmployee(Long)
2025-07-04T15:35:49.862+05:30 DEBUG 23424 --- [Employee-service] [http-nio-8081-exec-3] .m.m.a.ExceptionHandlerExceptionResolver : Using @ExceptionHandler com.syborg.service.employee.globalException.GlobalExceptionHandler#handleEmployeeNotFound(EmployeeNotFoundException, HttpServletRequest)
2025-07-04T15:35:49.862+05:30 DEBUG 23424 --- [Employee-service] [http-nio-8081-exec-3] o.s.w.s.m.m.a.HttpEntityMethodProcessor  : Using 'application/json', given [*/*] and supported [application/json, application/*+json]
2025-07-04T15:35:49.862+05:30 DEBUG 23424 --- [Employee-service] [http-nio-8081-exec-3] o.s.w.s.m.m.a.HttpEntityMethodProcessor  : Writing [ErrorDto(timestamp=2025-07-04T15:35:49.862587900, status=404, error=Not Found, message=Employee Not  (truncated)...]
2025-07-04T15:35:49.864+05:30  WARN 23424 --- [Employee-service] [http-nio-8081-exec-3] .m.m.a.ExceptionHandlerExceptionResolver : Resolved [com.syborg.service.employee.exception.EmployeeNotFoundException: Employee Not Found Exception]
2025-07-04T15:35:49.867+05:30 DEBUG 23424 --- [Employee-service] [http-nio-8081-exec-3] o.s.web.servlet.DispatcherServlet        : Completed 404 NOT_FOUND
